C:\Projects\Source\Cocos2d-x\CocosDenshion\proj.win32\Release.win32\cl.command.1.tlog
C:\Projects\Source\Cocos2d-x\CocosDenshion\proj.win32\Release.win32\CL.read.1.tlog
C:\Projects\Source\Cocos2d-x\CocosDenshion\proj.win32\Release.win32\CL.write.1.tlog
C:\Projects\Source\Cocos2d-x\CocosDenshion\proj.win32\Release.win32\libCocosDenshion.dll.intermediate.manifest
C:\Projects\Source\Cocos2d-x\CocosDenshion\proj.win32\Release.win32\libCocosDenshion.write.1.tlog
C:\Projects\Source\Cocos2d-x\CocosDenshion\proj.win32\Release.win32\link.command.1.tlog
C:\Projects\Source\Cocos2d-x\CocosDenshion\proj.win32\Release.win32\link.read.1.tlog
C:\Projects\Source\Cocos2d-x\CocosDenshion\proj.win32\Release.win32\link.write.1.tlog
C:\Projects\Source\Cocos2d-x\CocosDenshion\proj.win32\Release.win32\MciPlayer.obj
C:\Projects\Source\Cocos2d-x\CocosDenshion\proj.win32\Release.win32\mt.command.1.tlog
C:\Projects\Source\Cocos2d-x\CocosDenshion\proj.win32\Release.win32\mt.read.1.tlog
C:\Projects\Source\Cocos2d-x\CocosDenshion\proj.win32\Release.win32\mt.write.1.tlog
C:\Projects\Source\Cocos2d-x\CocosDenshion\proj.win32\Release.win32\SimpleAudioEngine.obj
C:\Projects\Source\Cocos2d-x\CocosDenshion\proj.win32\Release.win32\vc100.pdb
C:\Projects\Source\Cocos2d-x\Release.win32\libCocosDenshion.dll
C:\Projects\Source\Cocos2d-x\Release.win32\libCocosDenshion.pdb
C:\USERS\SKIP\DESKTOP\COCOS2D-X\COCOSDENSHION\PROJ.WIN32\RELEASE.WIN32\LIBCOCOSDENSHION.DLL.INTERMEDIATE.MANIFEST
C:\USERS\SKIP\DESKTOP\COCOS2D-X\COCOSDENSHION\PROJ.WIN32\RELEASE.WIN32\MCIPLAYER.OBJ
C:\USERS\SKIP\DESKTOP\COCOS2D-X\COCOSDENSHION\PROJ.WIN32\RELEASE.WIN32\SIMPLEAUDIOENGINE.OBJ
C:\USERS\SKIP\DESKTOP\COCOS2D-X\COCOSDENSHION\PROJ.WIN32\RELEASE.WIN32\VC100.PDB
C:\USERS\SKIP\DESKTOP\COCOS2D-X\RELEASE.WIN32\LIBCOCOSDENSHION.DLL
C:\Users\Skip\Desktop\Cocos2d-x\Release.win32\libCocosDenshion.exp
C:\Users\Skip\Desktop\Cocos2d-x\Release.win32\libCocosDenshion.lib
C:\USERS\SKIP\DESKTOP\COCOS2D-X\RELEASE.WIN32\LIBCOCOSDENSHION.PDB
