Build started 5/16/2013 8:35:04 PM.
     1>Project "C:\Users\Skip\Desktop\Cocos2d-x\CocosDenshion\proj.win32\CocosDenshion.vcxproj" on node 4 (rebuild target(s)).
     1>_PrepareForClean:
         Deleting file "Debug.win32\libCocosDenshion.lastbuildstate".
       InitializeBuildStatus:
         Creating "Debug.win32\libCocosDenshion.unsuccessfulbuild" because "AlwaysCreate" was specified.
       ClCompile:
         c:\Program Files (x86)\Microsoft Visual Studio 10.0\VC\bin\CL.exe /c /I"C:\Program Files (x86)\Microsoft SDKs\Windows\v7.1A\include" /I..\Include /I"C:\Users\Skip\Desktop\Cocos2d-x\CocosDenshion\proj.win32\..\..\cocos2dx" /I"C:\Users\Skip\Desktop\Cocos2d-x\CocosDenshion\proj.win32\..\..\cocos2dx\include" /I"C:\Users\Skip\Desktop\Cocos2d-x\CocosDenshion\proj.win32\..\..\cocos2dx\kazmath\include" /I"C:\Users\Skip\Desktop\Cocos2d-x\CocosDenshion\proj.win32\..\..\cocos2dx\platform\win32" /I"C:\Users\Skip\Desktop\Cocos2d-x\CocosDenshion\proj.win32\..\..\cocos2dx\platform\third_party\win32\OGLES" /ZI /nologo /W3 /WX- /Od /Oy- /D WIN32 /D _DEBUG /D _WINDOWS /D _USRDLL /D COCOSDENSHIONWIN32_EXPORTS /D _EXPORT_DLL_ /D _WINDLL /Gm /EHsc /RTC1 /MDd /GS /fp:precise /Zc:wchar_t /Zc:forScope /Fo"Debug.win32\\" /Fd"Debug.win32\vc100.pdb" /Gd /TP /wd4251 /analyze- /errorReport:prompt ..\win32\MciPlayer.cpp ..\win32\SimpleAudioEngine.cpp
         SimpleAudioEngine.cpp
         MciPlayer.cpp
         Generating Code...
       Link:
         c:\Program Files (x86)\Microsoft Visual Studio 10.0\VC\bin\link.exe /ERRORREPORT:PROMPT /OUT:"C:\Users\Skip\Desktop\Cocos2d-x\Debug.win32\libCocosDenshion.dll" /INCREMENTAL:NO /NOLOGO /LIBPATH:"C:\Users\Skip\Desktop\Cocos2d-x\Debug.win32\\" winmm.lib libcocos2d.lib kernel32.lib user32.lib gdi32.lib winspool.lib comdlg32.lib advapi32.lib shell32.lib ole32.lib oleaut32.lib uuid.lib odbc32.lib odbccp32.lib /MANIFEST /ManifestFile:"Debug.win32\libCocosDenshion.dll.intermediate.manifest" /MANIFESTUAC:"level='asInvoker' uiAccess='false'" /DEBUG /PDB:"C:\Users\Skip\Desktop\Cocos2d-x\Debug.win32\libCocosDenshion.pdb" /SUBSYSTEM:WINDOWS /TLBID:1 /DYNAMICBASE /NXCOMPAT /IMPLIB:"C:\Users\Skip\Desktop\Cocos2d-x\Debug.win32\libCocosDenshion.lib" /MACHINE:X86 /DLL Debug.win32\MciPlayer.obj
         Debug.win32\SimpleAudioEngine.obj
     1>MciPlayer.obj : warning LNK4075: ignoring '/EDITANDCONTINUE' due to '/INCREMENTAL:NO' specification
            Creating library C:\Users\Skip\Desktop\Cocos2d-x\Debug.win32\libCocosDenshion.lib and object C:\Users\Skip\Desktop\Cocos2d-x\Debug.win32\libCocosDenshion.exp
         CocosDenshion.vcxproj -> C:\Users\Skip\Desktop\Cocos2d-x\Debug.win32\libCocosDenshion.dll
       Manifest:
         C:\Program Files (x86)\Microsoft SDKs\Windows\v7.0A\bin\mt.exe /nologo /verbose /outputresource:"C:\Users\Skip\Desktop\Cocos2d-x\Debug.win32\libCocosDenshion.dll;#2" /manifest Debug.win32\libCocosDenshion.dll.intermediate.manifest
       FinalizeBuildStatus:
         Deleting file "Debug.win32\libCocosDenshion.unsuccessfulbuild".
         Touching "Debug.win32\libCocosDenshion.lastbuildstate".
     1>Done Building Project "C:\Users\Skip\Desktop\Cocos2d-x\CocosDenshion\proj.win32\CocosDenshion.vcxproj" (rebuild target(s)).

Build succeeded.

Time Elapsed 00:00:04.73
